==============================================================================

                  ------ MOMENTUM STATISTICS (MW mode) ------

              Momentum MomEngine_64 2025.00.341 (*) built: Aug 19 2024
                           Wed Jan  8 20:23:05 2025

==============================================================================


------------------------------------------------------------------------------
MESH
------------------------------------------------------------------------------
 Frequency          : 12 GHz

 Rectangular cells  : 187
 Quadrangular cells : 64
 Triangular cells   : 54
 Via cells          : 0

 Edge currents      : 554

------------------------------------------------------------------------------
SOLVER                        USER TIME      ELAPSED TIME      MEMORY         
PROCESSES                      (h:m:s)          (h:m:s)         (MB)          
------------------------------------------------------------------------------

SIMULATION SET-UP
-----------------
 Initialization           |     0: 0: 0   |     0: 0: 0   |     33.53   
 Ports analysis           |     0: 0: 0   |     0: 0: 0   |      0.09   
 Mesh processing          |     0: 0: 0   |     0: 0: 0   |      1.61   

 Matrix size : 554
 Reduced matrix size : 554
 Estimated process size is below 256.00 MB

 Simulation temperature : 298.15 K

1. SIMULATION FREQUENCY = 0 Hz 
-------------------------
 Green functions          |     0: 0: 0   |     0: 0: 0   |      0.90   
 Basis creation           |     0: 0: 0   |     0: 0: 0   |      6.30   
 Matrix load              |     0: 0: 0   |     0: 0: 0   |     37.28   
 Matrix solve             |     0: 0: 0   |     0: 0: 0   |      3.64   
 S parameters             |     0: 0: 0   |     0: 0: 0   |      0.02   

2. SIMULATION FREQUENCY = 12 GHz 
-------------------------
 Green functions          |     0: 0: 0   |     0: 0: 0   |      0.59   
 Matrix load              |     0: 0: 0   |     0: 0: 0   |     16.91   
 Matrix solve             |     0: 0: 0   |     0: 0: 0   |      0.33   
 S parameters             |     0: 0: 0   |     0: 0: 0   |      0.00   
 Adaptive sampling        |     0: 0: 0   |     0: 0: 0   |      0.03   

3. SIMULATION FREQUENCY = 8 GHz 
-------------------------
 Green functions          |     0: 0: 0   |     0: 0: 0   |      0.01   
 Matrix load              |     0: 0: 0   |     0: 0: 1   |      1.34   
 Matrix solve             |     0: 0: 0   |     0: 0: 0   |      0.00   
 S parameters             |     0: 0: 0   |     0: 0: 0   |      0.00   
 Adaptive sampling        |     0: 0: 0   |     0: 0: 0   |      0.00   

4. SIMULATION FREQUENCY = 4 GHz 
-------------------------
 Green functions          |     0: 0: 0   |     0: 0: 0   |      0.00   
 Matrix load              |     0: 0: 0   |     0: 0: 0   |      0.24   
 Matrix solve             |     0: 0: 0   |     0: 0: 0   |      0.00   
 S parameters             |     0: 0: 0   |     0: 0: 0   |      0.00   
 Adaptive sampling        |     0: 0: 0   |     0: 0: 0   |      0.45   

5. SIMULATION FREQUENCY = 1.33333 GHz 
-------------------------
 Green functions          |     0: 0: 0   |     0: 0: 0   |      0.01   
 Matrix load              |     0: 0: 0   |     0: 0: 0   |      0.30   
 Matrix solve             |     0: 0: 0   |     0: 0: 0   |      0.00   
 S parameters             |     0: 0: 0   |     0: 0: 0   |      0.00   
 Adaptive sampling        |     0: 0: 0   |     0: 0: 0   |      0.00   

6. SIMULATION FREQUENCY = 10.6667 GHz 
-------------------------
 Green functions          |     0: 0: 0   |     0: 0: 0   |      0.00   
 Matrix load              |     0: 0: 0   |     0: 0: 0   |      0.00   
 Matrix solve             |     0: 0: 0   |     0: 0: 0   |      0.00   
 S parameters             |     0: 0: 0   |     0: 0: 0   |      0.00   
 Adaptive sampling        |     0: 0: 0   |     0: 0: 0   |      0.00   

7. SIMULATION FREQUENCY = 6 GHz 
-------------------------
 Green functions          |     0: 0: 0   |     0: 0: 0   |      0.00   
 Matrix load              |     0: 0: 1   |     0: 0: 0   |      0.02   
 Matrix solve             |     0: 0: 0   |     0: 0: 0   |      0.00   
 S parameters             |     0: 0: 0   |     0: 0: 0   |      0.00   
 Adaptive sampling        |     0: 0: 0   |     0: 0: 0   |      0.00   

------------------------------------------------------------------------------
TOTALS
------------------------------------------------------------------------------
 Nr of Frequencies   : 7 

 Physical memory :   103.60 MB
 Virtual memory  :   109.48 MB
 Page faults     :       27986
 User Time       :    0h 0m 1s
 Elapsed Time    :    0h 0m 1s

==============================================================================

