==============================================================================

                  ------ MOMENTUM STATISTICS (MW mode) ------

              Momentum MomEngine_64 2023.00.265 (*) built: Jul  1 2022
                           Wed Jan  8 11:12:03 2025

==============================================================================


------------------------------------------------------------------------------
MESH
------------------------------------------------------------------------------
 Frequency          : 7 GHz

 Rectangular cells  : 560
 Quadrangular cells : 546
 Triangular cells   : 93
 Via cells          : 0

 Edge currents      : 2044

------------------------------------------------------------------------------
SOLVER                        USER TIME      ELAPSED TIME      MEMORY         
PROCESSES                      (h:m:s)          (h:m:s)         (MB)          
------------------------------------------------------------------------------

SIMULATION SET-UP
-----------------
 Initialization           |     0: 0: 0   |     0: 0: 1   |     37.48   
 Ports analysis           |     0: 0: 0   |     0: 0: 0   |      0.36   
 Mesh processing          |     0: 0: 0   |     0: 0: 1   |      6.71   

 Matrix size : 2044
 Reduced matrix size : 2044
 Estimated process size is below 256.00 MB

 Simulation temperature : 298.15 K

1. SIMULATION FREQUENCY = 0 Hz 
-------------------------
 Green functions          |     0: 0: 0   |     0: 0: 0   |      2.94   
 Basis creation           |     0: 0: 0   |     0: 0: 0   |     22.21   
 Matrix load              |     0: 0:10   |     0: 0: 2   |    123.69   
 Matrix solve             |     0: 0: 4   |     0: 0:12   |     53.83   
 S parameters             |     0: 0: 0   |     0: 0: 0   |      0.14   
 Data storage             |     0: 0: 3   |     0: 0: 2   |      0.00   

2. SIMULATION FREQUENCY = 7 GHz 
-------------------------
 Green functions          |     0: 0: 0   |     0: 0: 0   |      0.14   
 Matrix load              |     0: 0: 8   |     0: 0: 1   |     34.97   
 Matrix solve             |     0: 0: 1   |     0: 0: 1   |      7.53   
 S parameters             |     0: 0: 1   |     0: 0: 0   |      0.11   
 Data storage             |     0: 0: 1   |     0: 0: 1   |      0.00   
 Adaptive sampling        |     0: 0: 0   |     0: 0: 0   |      0.00   

3. SIMULATION FREQUENCY = 5.83333 GHz 
-------------------------
 Green functions          |     0: 0: 0   |     0: 0: 0   |      0.00   
 Matrix load              |     0: 0:13   |     0: 0: 2   |      8.02   
 Matrix solve             |     0: 0: 1   |     0: 0: 0   |     13.48   
 S parameters             |     0: 0: 1   |     0: 0: 0   |      0.00   
 Data storage             |     0: 0: 1   |     0: 0: 1   |      0.00   
 Adaptive sampling        |     0: 0: 0   |     0: 0: 0   |      0.00   

4. SIMULATION FREQUENCY = 4.66667 GHz 
-------------------------
 Green functions          |     0: 0: 0   |     0: 0: 0   |      0.00   
 Matrix load              |     0: 0:12   |     0: 0: 2   |      2.51   
 Matrix solve             |     0: 0: 1   |     0: 0: 0   |      1.49   
 S parameters             |     0: 0: 0   |     0: 0: 0   |      0.12   
 Data storage             |     0: 0: 2   |     0: 0: 1   |      0.00   
 Adaptive sampling        |     0: 0: 0   |     0: 0: 0   |      0.00   

5. SIMULATION FREQUENCY = 3.5 GHz 
-------------------------
 Green functions          |     0: 0: 0   |     0: 0: 0   |      0.00   
 Matrix load              |     0: 0:11   |     0: 0: 2   |      2.55   
 Matrix solve             |     0: 0: 2   |     0: 0: 1   |      0.00   
 S parameters             |     0: 0: 0   |     0: 0: 0   |      0.00   
 Data storage             |     0: 0: 1   |     0: 0: 0   |      0.00   
 Adaptive sampling        |     0: 0: 0   |     0: 0: 0   |      0.00   

6. SIMULATION FREQUENCY = 2.33333 GHz 
-------------------------
 Green functions          |     0: 0: 0   |     0: 0: 0   |      0.00   
 Matrix load              |     0: 0:11   |     0: 0: 2   |     10.95   
 Matrix solve             |     0: 0: 1   |     0: 0: 1   |      7.50   
 S parameters             |     0: 0: 1   |     0: 0: 0   |      0.12   
 Data storage             |     0: 0: 2   |     0: 0: 0   |      0.00   
 Adaptive sampling        |     0: 0: 0   |     0: 0: 0   |      0.00   

7. SIMULATION FREQUENCY = 1.16667 GHz 
-------------------------
 Green functions          |     0: 0: 0   |     0: 0: 1   |      0.00   
 Matrix load              |     0: 0:10   |     0: 0: 1   |     13.20   
 Matrix solve             |     0: 0: 1   |     0: 0: 0   |      0.00   
 S parameters             |     0: 0: 0   |     0: 0: 0   |      0.00   
 Data storage             |     0: 0: 2   |     0: 0: 0   |      0.00   
 Adaptive sampling        |     0: 0: 1   |     0: 0: 1   |      0.00   

8. SIMULATION FREQUENCY = 6.22222 GHz 
-------------------------
 Green functions          |     0: 0: 0   |     0: 0: 1   |      0.00   
 Matrix load              |     0: 0: 7   |     0: 0: 1   |      7.38   
 Matrix solve             |     0: 0: 2   |     0: 0: 0   |      0.00   
 S parameters             |     0: 0: 0   |     0: 0: 0   |      0.00   
 Data storage             |     0: 0: 1   |     0: 0: 1   |      0.00   
 Adaptive sampling        |     0: 0: 1   |     0: 0: 0   |      0.00   

9. SIMULATION FREQUENCY = 1.75 GHz 
-------------------------
 Green functions          |     0: 0: 0   |     0: 0: 0   |      0.00   
 Matrix load              |     0: 0: 9   |     0: 0: 2   |      6.40   
 Matrix solve             |     0: 0: 1   |     0: 0: 0   |      0.00   
 S parameters             |     0: 0: 1   |     0: 0: 0   |      0.00   
 Data storage             |     0: 0: 2   |     0: 0: 1   |      0.00   
 Adaptive sampling        |     0: 0: 0   |     0: 0: 1   |      0.00   

10. SIMULATION FREQUENCY = 5.05556 GHz 
-------------------------
 Green functions          |     0: 0: 0   |     0: 0: 0   |      0.00   
 Matrix load              |     0: 0: 8   |     0: 0: 1   |      2.12   
 Matrix solve             |     0: 0: 1   |     0: 0: 0   |      0.00   
 S parameters             |     0: 0: 0   |     0: 0: 0   |      0.00   
 Data storage             |     0: 0: 2   |     0: 0: 1   |      0.00   
 Adaptive sampling        |     0: 0: 1   |     0: 0: 1   |      0.00   

11. SIMULATION FREQUENCY = 4.47222 GHz 
-------------------------
 Green functions          |     0: 0: 0   |     0: 0: 0   |      0.00   
 Matrix load              |     0: 0: 9   |     0: 0: 2   |      0.00   
 Matrix solve             |     0: 0: 1   |     0: 0: 0   |      0.00   
 S parameters             |     0: 0: 1   |     0: 0: 0   |      0.00   
 Data storage             |     0: 0: 1   |     0: 0: 1   |      0.00   
 Adaptive sampling        |     0: 0: 0   |     0: 0: 0   |      0.00   

12. SIMULATION FREQUENCY = 5.44444 GHz 
-------------------------
 Green functions          |     0: 0: 0   |     0: 0: 0   |      0.00   
 Matrix load              |     0: 0: 8   |     0: 0: 1   |      4.48   
 Matrix solve             |     0: 0: 2   |     0: 0: 1   |      0.00   
 S parameters             |     0: 0: 2   |     0: 0: 0   |      0.00   
 Data storage             |     0: 0: 0   |     0: 0: 1   |      0.00   
 Adaptive sampling        |     0: 0: 1   |     0: 0: 1   |      0.00   

13. SIMULATION FREQUENCY = 6.61111 GHz 
-------------------------
 Green functions          |     0: 0: 0   |     0: 0: 0   |      0.00   
 Matrix load              |     0: 0:11   |     0: 0: 2   |      2.02   
 Matrix solve             |     0: 0: 1   |     0: 0: 0   |      0.00   
 S parameters             |     0: 0: 1   |     0: 0: 0   |      0.00   
 Data storage             |     0: 0: 1   |     0: 0: 1   |      0.00   
 Adaptive sampling        |     0: 0: 2   |     0: 0: 2   |      0.00   

14. SIMULATION FREQUENCY = 6.35185 GHz 
-------------------------
 Green functions          |     0: 0: 0   |     0: 0: 0   |      0.00   
 Matrix load              |     0: 0: 9   |     0: 0: 2   |      0.00   
 Matrix solve             |     0: 0: 1   |     0: 0: 0   |      0.00   
 S parameters             |     0: 0: 2   |     0: 0: 0   |      0.00   
 Data storage             |     0: 0: 0   |     0: 0: 1   |      0.00   
 Adaptive sampling        |     0: 0: 0   |     0: 0: 0   |      0.00   

15. SIMULATION FREQUENCY = 194.444 MHz 
-------------------------
 Green functions          |     0: 0: 0   |     0: 0: 1   |      0.00   
 Matrix load              |     0: 0:10   |     0: 0: 1   |      0.00   
 Matrix solve             |     0: 0: 1   |     0: 0: 0   |      0.00   
 S parameters             |     0: 0: 1   |     0: 0: 0   |      0.00   
 Data storage             |     0: 0: 2   |     0: 0: 1   |      0.00   
 Adaptive sampling        |     0: 0: 0   |     0: 0: 1   |      0.00   

16. SIMULATION FREQUENCY = 6.67593 GHz 
-------------------------
 Green functions          |     0: 0: 0   |     0: 0: 0   |      0.00   
 Matrix load              |     0: 0: 9   |     0: 0: 1   |      0.00   
 Matrix solve             |     0: 0: 1   |     0: 0: 0   |      0.00   
 S parameters             |     0: 0: 1   |     0: 0: 1   |      0.00   
 Data storage             |     0: 0: 2   |     0: 0: 1   |      0.00   
 Adaptive sampling        |     0: 0: 2   |     0: 0: 2   |      0.00   

17. SIMULATION FREQUENCY = 4.31019 GHz 
-------------------------
 Green functions          |     0: 0: 0   |     0: 0: 0   |      0.00   
 Matrix load              |     0: 0: 9   |     0: 0: 1   |      0.05   
 Matrix solve             |     0: 0: 2   |     0: 0: 1   |      0.00   
 S parameters             |     0: 0: 0   |     0: 0: 0   |      0.00   
 Data storage             |     0: 0: 1   |     0: 0: 0   |      0.00   
 Adaptive sampling        |     0: 0:14   |     0: 0: 2   |      0.00   

18. SIMULATION FREQUENCY = 5.63889 GHz 
-------------------------
 Green functions          |     0: 0: 1   |     0: 0: 0   |      0.00   
 Matrix load              |     0: 0:10   |     0: 0: 2   |      0.31   
 Matrix solve             |     0: 0: 2   |     0: 0: 0   |      0.00   
 S parameters             |     0: 0: 0   |     0: 0: 0   |      0.00   
 Data storage             |     0: 0: 2   |     0: 0: 1   |      0.00   
 Adaptive sampling        |     0: 0:28   |     0: 0: 3   |      0.00   

19. SIMULATION FREQUENCY = 4.50463 GHz 
-------------------------
 Green functions          |     0: 0: 0   |     0: 0: 0   |      0.00   
 Matrix load              |     0: 0:10   |     0: 0: 2   |      0.10   
 Matrix solve             |     0: 0: 1   |     0: 0: 0   |      0.00   
 S parameters             |     0: 0: 0   |     0: 0: 0   |      0.00   
 Data storage             |     0: 0: 2   |     0: 0: 0   |      0.00   
 Adaptive sampling        |     0: 0:26   |     0: 0: 4   |      0.00   

20. SIMULATION FREQUENCY = 5.12037 GHz 
-------------------------
 Green functions          |     0: 0: 0   |     0: 0: 0   |      0.00   
 Matrix load              |     0: 0:12   |     0: 0: 2   |      0.00   
 Matrix solve             |     0: 0: 1   |     0: 0: 0   |      0.00   
 S parameters             |     0: 0: 1   |     0: 0: 0   |      0.00   
 Data storage             |     0: 0: 2   |     0: 0: 0   |      0.00   
 Adaptive sampling        |     0: 0:36   |     0: 0: 5   |      0.00   

21. SIMULATION FREQUENCY = 5.57407 GHz 
-------------------------
 Green functions          |     0: 0: 0   |     0: 0: 0   |      0.00   
 Matrix load              |     0: 0:10   |     0: 0: 2   |      0.00   
 Matrix solve             |     0: 0: 1   |     0: 0: 0   |      0.00   
 S parameters             |     0: 0: 0   |     0: 0: 0   |      0.00   
 Data storage             |     0: 0: 3   |     0: 0: 0   |      0.00   
 Adaptive sampling        |     0: 0:23   |     0: 0: 4   |      0.00   

22. SIMULATION FREQUENCY = 2.72222 GHz 
-------------------------
 Green functions          |     0: 0: 2   |     0: 0: 0   |      0.00   
 Matrix load              |     0: 0:10   |     0: 0: 2   |      0.00   
 Matrix solve             |     0: 0: 1   |     0: 0: 0   |      0.00   
 S parameters             |     0: 0: 1   |     0: 0: 0   |      0.00   
 Data storage             |     0: 0: 2   |     0: 0: 1   |      0.00   
 Adaptive sampling        |     0: 0:14   |     0: 0: 2   |      0.00   

23. SIMULATION FREQUENCY = 3.37037 GHz 
-------------------------
 Green functions          |     0: 0: 1   |     0: 0: 0   |      0.00   
 Matrix load              |     0: 0:12   |     0: 0: 1   |      0.02   
 Matrix solve             |     0: 0: 2   |     0: 0: 1   |      0.00   
 S parameters             |     0: 0: 0   |     0: 0: 0   |      0.00   
 Data storage             |     0: 0: 2   |     0: 0: 0   |      0.00   
 Adaptive sampling        |     0: 0: 9   |     0: 0: 2   |      0.00   

24. SIMULATION FREQUENCY = 3.77006 GHz 
-------------------------
 Green functions          |     0: 0: 0   |     0: 0: 0   |      0.00   
 Matrix load              |     0: 0:12   |     0: 0: 1   |      0.55   
 Matrix solve             |     0: 0: 1   |     0: 0: 0   |      0.00   
 S parameters             |     0: 0: 1   |     0: 0: 0   |      0.00   
 Data storage             |     0: 0: 2   |     0: 0: 2   |      0.00   
 Adaptive sampling        |     0: 0:26   |     0: 0: 3   |      0.00   

25. SIMULATION FREQUENCY = 3.86008 GHz 
-------------------------
 Green functions          |     0: 0: 0   |     0: 0: 0   |      0.00   
 Matrix load              |     0: 0:12   |     0: 0: 2   |      0.04   
 Matrix solve             |     0: 0: 1   |     0: 0: 0   |      0.00   
 S parameters             |     0: 0: 0   |     0: 0: 0   |      0.00   
 Data storage             |     0: 0: 2   |     0: 0: 1   |      0.00   
 Adaptive sampling        |     0: 0: 5   |     0: 0: 6   |      0.00   

26. SIMULATION FREQUENCY = 680.556 MHz 
-------------------------
 Green functions          |     0: 0: 0   |     0: 0: 0   |      0.00   
 Matrix load              |     0: 0:10   |     0: 0: 1   |      0.62   
 Matrix solve             |     0: 0: 1   |     0: 0: 0   |      0.00   
 S parameters             |     0: 0: 0   |     0: 0: 0   |      0.00   
 Data storage             |     0: 0: 2   |     0: 0: 1   |      0.00   
 Adaptive sampling        |     0: 0: 1   |     0: 0: 1   |      0.00   

27. SIMULATION FREQUENCY = 4.73148 GHz 
-------------------------
 Green functions          |     0: 0: 0   |     0: 0: 0   |      0.00   
 Matrix load              |     0: 0: 8   |     0: 0: 2   |      0.53   
 Matrix solve             |     0: 0: 2   |     0: 0: 0   |      0.00   
 S parameters             |     0: 0: 1   |     0: 0: 0   |      0.00   
 Data storage             |     0: 0: 0   |     0: 0: 1   |      0.00   
 Adaptive sampling        |     0: 0: 1   |     0: 0: 1   |      0.00   

28. SIMULATION FREQUENCY = 3.0463 GHz 
-------------------------
 Green functions          |     0: 0: 0   |     0: 0: 0   |      0.00   
 Matrix load              |     0: 0: 9   |     0: 0: 2   |      0.00   
 Matrix solve             |     0: 0: 2   |     0: 0: 0   |      0.00   
 S parameters             |     0: 0: 0   |     0: 0: 0   |      0.00   
 Data storage             |     0: 0: 2   |     0: 0: 0   |      0.00   
 Adaptive sampling        |     0: 0: 1   |     0: 0: 1   |      0.00   

29. SIMULATION FREQUENCY = 3.10031 GHz 
-------------------------
 Green functions          |     0: 0: 0   |     0: 0: 0   |      0.00   
 Matrix load              |     0: 0:10   |     0: 0: 2   |      2.49   
 Matrix solve             |     0: 0: 1   |     0: 0: 0   |      0.00   
 S parameters             |     0: 0: 0   |     0: 0: 0   |      0.00   
 Data storage             |     0: 0: 3   |     0: 0: 1   |      0.00   
 Adaptive sampling        |     0: 0: 0   |     0: 0: 1   |      0.00   

30. SIMULATION FREQUENCY = 4.53164 GHz 
-------------------------
 Green functions          |     0: 0: 0   |     0: 0: 0   |      0.00   
 Matrix load              |     0: 0:11   |     0: 0: 2   |      0.16   
 Matrix solve             |     0: 0: 1   |     0: 0: 0   |      0.00   
 S parameters             |     0: 0: 0   |     0: 0: 0   |      0.00   
 Data storage             |     0: 0: 2   |     0: 0: 1   |      0.00   
 Adaptive sampling        |     0: 0: 1   |     0: 0: 1   |      0.00   

31. SIMULATION FREQUENCY = 5.76852 GHz 
-------------------------
 Green functions          |     0: 0: 0   |     0: 0: 0   |      0.00   
 Matrix load              |     0: 0:10   |     0: 0: 2   |      0.00   
 Matrix solve             |     0: 0: 1   |     0: 0: 0   |      0.00   
 S parameters             |     0: 0: 0   |     0: 0: 0   |      0.00   
 Data storage             |     0: 0: 2   |     0: 0: 1   |      0.00   
 Adaptive sampling        |     0: 0: 0   |     0: 0: 0   |      0.00   

32. SIMULATION FREQUENCY = 5.96296 GHz 
-------------------------
 Green functions          |     0: 0: 1   |     0: 0: 1   |      0.00   
 Matrix load              |     0: 0: 7   |     0: 0: 1   |      0.00   
 Matrix solve             |     0: 0: 1   |     0: 0: 0   |      0.00   
 S parameters             |     0: 0: 1   |     0: 0: 0   |      0.00   
 Data storage             |     0: 0: 2   |     0: 0: 1   |      0.00   
 Adaptive sampling        |     0: 0:11   |     0: 0: 2   |      0.00   

33. SIMULATION FREQUENCY = 4.89352 GHz 
-------------------------
 Green functions          |     0: 0: 1   |     0: 0: 0   |      0.00   
 Matrix load              |     0: 0:12   |     0: 0: 1   |      0.00   
 Matrix solve             |     0: 0: 1   |     0: 0: 0   |      0.00   
 S parameters             |     0: 0: 0   |     0: 0: 1   |      0.00   
 Data storage             |     0: 0: 2   |     0: 0: 0   |      0.00   
 Adaptive sampling        |     0: 0:11   |     0: 0: 2   |      0.00   

34. SIMULATION FREQUENCY = 6.72994 GHz 
-------------------------
 Green functions          |     0: 0: 0   |     0: 0: 0   |      0.00   
 Matrix load              |     0: 0:12   |     0: 0: 2   |      0.05   
 Matrix solve             |     0: 0: 2   |     0: 0: 0   |      0.00   
 S parameters             |     0: 0: 0   |     0: 0: 0   |      0.00   
 Data storage             |     0: 0: 1   |     0: 0: 1   |      0.00   
 Adaptive sampling        |     0: 0:14   |     0: 0: 2   |      0.00   

35. SIMULATION FREQUENCY = 4.49383 GHz 
-------------------------
 Green functions          |     0: 0: 0   |     0: 0: 0   |      0.00   
 Matrix load              |     0: 0:15   |     0: 0: 2   |      0.00   
 Matrix solve             |     0: 0: 1   |     0: 0: 0   |      0.00   
 S parameters             |     0: 0: 1   |     0: 0: 0   |      0.00   
 Data storage             |     0: 0: 2   |     0: 0: 2   |      0.00   
 Adaptive sampling        |     0: 0: 2   |     0: 0: 0   |      0.00   

36. SIMULATION FREQUENCY = 32.4074 MHz 
-------------------------
 Green functions          |     0: 0: 1   |     0: 0: 1   |      0.00   
 Matrix load              |     0: 0:11   |     0: 0: 1   |      0.00   
 Matrix solve             |     0: 0: 2   |     0: 0: 0   |      0.00   
 S parameters             |     0: 0: 0   |     0: 0: 0   |      0.00   
 Data storage             |     0: 0: 2   |     0: 0: 2   |      0.00   
 Adaptive sampling        |     0: 0: 6   |     0: 0: 1   |      0.00   

37. SIMULATION FREQUENCY = 3.83008 GHz 
-------------------------
 Green functions          |     0: 0: 1   |     0: 0: 0   |      0.00   
 Matrix load              |     0: 0: 9   |     0: 0: 1   |      0.00   
 Matrix solve             |     0: 0: 2   |     0: 0: 0   |      0.00   
 S parameters             |     0: 0: 0   |     0: 0: 0   |      0.00   
 Data storage             |     0: 0: 3   |     0: 0: 1   |      0.00   
 Adaptive sampling        |     0: 0: 9   |     0: 0: 2   |      0.00   

38. SIMULATION FREQUENCY = 5.94136 GHz 
-------------------------
 Green functions          |     0: 0: 2   |     0: 0: 0   |      0.00   
 Matrix load              |     0: 0: 9   |     0: 0: 2   |      0.00   
 Matrix solve             |     0: 0: 1   |     0: 0: 0   |      0.00   
 S parameters             |     0: 0: 0   |     0: 0: 0   |      0.00   
 Data storage             |     0: 0: 2   |     0: 0: 1   |      0.00   
 Adaptive sampling        |     0: 0: 5   |     0: 0: 1   |      0.00   

39. SIMULATION FREQUENCY = 6.48148 GHz 
-------------------------
 Green functions          |     0: 0: 2   |     0: 0: 0   |      0.00   
 Matrix load              |     0: 0:10   |     0: 0: 2   |      0.00   
 Matrix solve             |     0: 0: 2   |     0: 0: 0   |      0.00   
 S parameters             |     0: 0: 0   |     0: 0: 0   |      0.00   
 Data storage             |     0: 0: 2   |     0: 0: 0   |      0.00   
 Adaptive sampling        |     0: 0:11   |     0: 0: 2   |      0.00   

40. SIMULATION FREQUENCY = 923.611 MHz 
-------------------------
 Green functions          |     0: 0: 0   |     0: 0: 0   |      0.00   
 Matrix load              |     0: 0:12   |     0: 0: 1   |      0.00   
 Matrix solve             |     0: 0: 1   |     0: 0: 1   |      0.00   
 S parameters             |     0: 0: 1   |     0: 0: 0   |      0.00   
 Data storage             |     0: 0: 1   |     0: 0: 1   |      0.00   
 Adaptive sampling        |     0: 0: 2   |     0: 0: 1   |      0.00   

41. SIMULATION FREQUENCY = 5.60648 GHz 
-------------------------
 Green functions          |     0: 0: 1   |     0: 0: 0   |      0.00   
 Matrix load              |     0: 0: 9   |     0: 0: 1   |      0.00   
 Matrix solve             |     0: 0: 2   |     0: 0: 0   |      0.00   
 S parameters             |     0: 0: 0   |     0: 0: 0   |      0.00   
 Data storage             |     0: 0: 2   |     0: 0: 1   |      0.00   
 Adaptive sampling        |     0: 0: 2   |     0: 0: 2   |      0.00   

42. SIMULATION FREQUENCY = 2.88426 GHz 
-------------------------
 Green functions          |     0: 0: 2   |     0: 0: 0   |      0.00   
 Matrix load              |     0: 0: 9   |     0: 0: 2   |      0.00   
 Matrix solve             |     0: 0: 1   |     0: 0: 0   |      0.00   
 S parameters             |     0: 0: 1   |     0: 0: 0   |      0.00   
 Data storage             |     0: 0: 2   |     0: 0: 2   |      0.00   
 Adaptive sampling        |     0: 0: 4   |     0: 0: 0   |      0.00   

43. SIMULATION FREQUENCY = 2.80324 GHz 
-------------------------
 Green functions          |     0: 0: 0   |     0: 0: 0   |      0.00   
 Matrix load              |     0: 0:12   |     0: 0: 2   |      0.00   
 Matrix solve             |     0: 0: 1   |     0: 0: 0   |      0.00   
 S parameters             |     0: 0: 1   |     0: 0: 0   |      0.00   
 Data storage             |     0: 0: 2   |     0: 0: 1   |      0.00   
 Adaptive sampling        |     0: 0: 2   |     0: 0: 1   |      0.00   

44. SIMULATION FREQUENCY = 3.0733 GHz 
-------------------------
 Green functions          |     0: 0: 1   |     0: 0: 0   |      0.00   
 Matrix load              |     0: 0:11   |     0: 0: 2   |      0.00   
 Matrix solve             |     0: 0: 1   |     0: 0: 0   |      0.00   
 S parameters             |     0: 0: 0   |     0: 0: 0   |      0.00   
 Data storage             |     0: 0: 2   |     0: 0: 1   |      0.00   
 Adaptive sampling        |     0: 0: 9   |     0: 0: 2   |      0.00   

45. SIMULATION FREQUENCY = 5.02855 GHz 
-------------------------
 Green functions          |     0: 0: 1   |     0: 0: 0   |      0.00   
 Matrix load              |     0: 0:11   |     0: 0: 2   |      0.00   
 Matrix solve             |     0: 0: 2   |     0: 0: 0   |      0.00   
 S parameters             |     0: 0: 0   |     0: 0: 0   |      0.00   
 Data storage             |     0: 0: 2   |     0: 0: 1   |      0.00   
 Adaptive sampling        |     0: 0: 3   |     0: 0: 1   |      0.00   

------------------------------------------------------------------------------
TOTALS
------------------------------------------------------------------------------
 Nr of Frequencies   : 45 

 Physical memory :   377.39 MB
 Virtual memory  :  1245.05 MB
 Page faults     :           7
 User Time       :    0h15m24s
 Elapsed Time    :    0h 3m27s

==============================================================================

