; Top Design: "RF_Double_Stage_Amplifier_lib:cell_1:schematic"
; Netlisted using Hierarchy Policy: "Standard"

Options ResourceUsage=yes UseNutmegFormat=no EnableOptim=no TopDesignName="RF_Double_Stage_Amplifier_lib:cell_1:schematic" DcopOutputNodeVoltages=yes DcopOutputPinCurrents=yes DcopOutputAllSweepPoints=no DcopOutputDcopType=0
; Library Name: test_model_ce3512k2_lib
; Cell Name: CEL_CE3512K2_modele
; View Name: schematic
define CEL_CE3512K2_modele ( G  D  S1  S2 ) 
;parameters 
model EEHEMTM1 EE_HEMT1 Vto=-770.5 mV Gamma= 43.31m Vgo=-192.0 mV Vdelt= 0.000  Vch= 986.9m Gmmax=82.40e-3 Vdso= 2.000  Vsat=572.1 mV Kapa= 33.33m Peff= 4.887  Vtso=-100.0 Is= 28.10n N= 3.898  Ris=5.357 Rid=1.000 mOhm Tau=3.727 psec Cdso=42.65 fF Rdb= 1.000G Cbs=160.0 fF Vtoac=-770.5 mV Gammaac=46.83m Vdeltac= 0.000  Gmmaxac=82.82e-3 Kapaac= 18.11m Peffac= 3.665  Vtsoac=-100.0  Gdbm=52.50u Kdb= 100.0  Vdsm= 100.0  C11o=6.7 fF C11th=23.47 fF Vinfl=-651.9 mV Deltgs= 363.1m Deltds= 100.0m Lambda= 13.79m C12sat= 29.99f Cgdsat= 25.51f Kbk= 30.00m Vbr=25.00 Nbr=2.000 Idsoc= 1.893  Rd= 5.657  Rs= 265.2m Rg= 139.6  Ugw= 140.0  Ngf= 2.000  Vco=-117.8m Vba= 1.000  Vbc= 300.0m Mu= 3.000m Deltgm= 127.5m Deltgmac= 127.5m Alpha= 33.38m Kmod=104.0 Kver=1.000K 
"EEHEMTM1":EE_HEMT1  N__0 N__4 N__7 Noise=yes 
L:L1  N__9 N__4 L=1.612 nH Noise=yes  
L:L2  N__0 N__14 L=30.2 pH Noise=yes  
L:L3  N__7 S2 L=648.6 pH R=0.0001 mOhm Noise=yes  
L:L4  S1 N__7 L=648.6 pH R=0.0001 mOhm Noise=yes  
TLINP:TL1  G N__9 Z=79.3 Ohm L=8.07 mm K=1 A=0.0001 F=1 GHz TanD=0.002 Mur=1 TanM=0 Sigma=0 DielectricLossModel=1 FreqForEpsrTanD=1.0 GHz LowFreqForTanD=1.0 kHz HighFreqForTanD=1.0 THz 
TLINP:TL2  N__14 D Z=12.93 Ohm L=242.4 um K=1 A=0.0001 F=1 GHz TanD=0.002 Mur=1 TanM=0 Sigma=0 DielectricLossModel=1 FreqForEpsrTanD=1.0 GHz LowFreqForTanD=1.0 kHz HighFreqForTanD=1.0 THz 
end CEL_CE3512K2_modele

CEL_CE3512K2_modele:X1  N__7 N__5 0 0 
Short:DC_Feed2  N__8 N__7 Mode=-1 
Short:DC_Block1  N__10 N__7 Mode=1 
Port:Term1  N__10 0 Num=1 Z=50 Ohm Noise=yes 

Vgs=-0.4
Vds=3
V_Source:SRC2  N__8 0 Type="V_DC" Vdc=Vgs SaveCurrent=1 
S_Param:SP1 CalcS=yes CalcY=no CalcZ=no GroupDelayAperture=1e-4 FreqConversion=no FreqConversionPort=1 StatusLevel=2 CalcNoise=yes SortNoise=0 BandwidthForNoise=1.0 Hz DevOpPtLevel=0 \
SweepVar="freq" SweepPlan="SP1_stim" OutputPlan="SP1_Output" 

SweepPlan: SP1_stim Start=2.5 GHz Stop=5.5 GHz Step=0.1 GHz 

OutputPlan:SP1_Output \
      Type="Output" \
      UseEquationNestLevel=yes \
      EquationNestLevel=2 \
      UseSavedEquationNestLevel=yes \
      SavedEquationNestLevel=2

#load "python","LinearCollapse"
Component Module="LinearCollapse" Type="ModelExtractor" NetworkRepresentation=2
V_Source:SRC1  N__11 0 Type="V_DC" Vdc=Vds V SaveCurrent=1 
Short:I_Probe1  N__11 N__0 Mode=0 SaveCurrent=yes 
Port:Term2  N__2 0 Num=2 Z=50 Ohm Noise=yes 
aele MaxGain1=max_gain(S);
aele StabFact1=stab_fact(S);
CEL_CE3512K2_modele:X2  N__16 N__18 0 0 
Short:DC_Feed3  N__17 N__18 Mode=-1 
Short:DC_Block3  N__18 N__2 Mode=1 
V_Source:SRC3  N__3 0 Type="V_DC" Vdc=Vds V SaveCurrent=1 
V_Source:SRC4  N__9 0 Type="V_DC" Vdc=Vgs SaveCurrent=1 
Short:I_Probe2  N__3 N__17 Mode=0 SaveCurrent=yes 

Options:Options1 Tnom=25 TopologyCheck=yes ForceS_Params=yes GiveAllWarnings=yes MaxWarnings=10  \
SaveBranchCurrents=no OutputInternalNodes=no ForceM_Params=yes DC_ReadInitialGuess=no DC_WriteFinalSolution=no  \
TopologyCheckMessages=no GPU=no doDeltaAC=no ReduceSPort=no ReduceSPortRatio=0.5  \
WarnSOA=yes MaxWarnSOA=5 Census=no MinNodalR=1e-2 Ohm LargeCapThreshold=1e-3 F  \
EnableAssertChecks=no EnableSpareRemoval=no 

R:R1  N__12 0 R=15 Ohm tune{ 10 Ohm to 500 Ohm by 5 Ohm } Noise=yes 
C:C1  N__5 N__12 C=18.815 pF tune{ 0.5 pF to 50 pF by 0.1 pF } 
C:C2  N__12 N__16 C=48.02 pF tune{ 0.5 pF to 50 pF by 0.1 pF } 
TLIN:TL1  N__0 N__5 Z=100 Ohm E=90 F=5 GHz 
TLIN:TL2  N__9 N__16 Z=100 Ohm E=90 F=5 GHz 
